2022-12-14 21:47:34,467 INFO  [Log] ** 
2022-12-14 21:47:34,467 INFO  [Log] ** 
2022-12-14 21:47:34,471 INFO  [Log] ############   My first test case is Login test ################ 
2022-12-14 21:47:34,471 INFO  [Log] ** 
2022-12-14 21:47:34,471 INFO  [Log] ** 
2022-12-14 21:47:34,471 INFO  [Log] My login test is going on 
2022-12-14 21:47:34,471 INFO  [Log] My test case might be failed 
2022-12-14 21:47:36,909 INFO  [Log] My test case is about to complete 
2022-12-14 21:47:36,909 INFO  [Log] ################################## 
2022-12-14 21:47:36,909 INFO  [Log] ########################################## 
2022-12-14 21:47:36,910 INFO  [Log] ############   This is my login test again ################ 
2022-12-14 21:47:36,910 INFO  [Log] ########################## 
2022-12-14 21:47:36,910 INFO  [Log] ########################################## 
2022-12-14 22:06:46,846 INFO  [Log] ** 
2022-12-14 22:06:46,846 INFO  [Log] ** 
2022-12-14 22:06:46,850 INFO  [Log] ############   My first test case is Login test ################ 
2022-12-14 22:06:46,850 INFO  [Log] ** 
2022-12-14 22:06:46,850 INFO  [Log] ** 
2022-12-14 22:06:46,850 INFO  [Log] My login test is going on 
2022-12-14 22:06:46,850 INFO  [Log] My test case might be failed 
2022-12-14 22:06:49,562 INFO  [Log] My test case is about to complete 
2022-12-14 22:06:49,562 INFO  [Log] ################################## 
2022-12-14 22:06:49,562 INFO  [Log] ########################################## 
2022-12-14 22:06:49,562 INFO  [Log] ############   This is my login test again ################ 
2022-12-14 22:06:49,562 INFO  [Log] ########################## 
2022-12-14 22:06:49,562 INFO  [Log] ########################################## 
2022-12-14 22:10:45,637 INFO  [Log] ** 
2022-12-14 22:10:45,638 INFO  [Log] ** 
2022-12-14 22:10:45,640 INFO  [Log] ############   My first test case is Login test ################ 
2022-12-14 22:10:45,640 INFO  [Log] ** 
2022-12-14 22:10:45,640 INFO  [Log] ** 
2022-12-14 22:10:45,640 INFO  [Log] My login test is going on 
2022-12-14 22:10:45,640 INFO  [Log] My test case might be failed 
2022-12-14 22:10:48,741 INFO  [Log] My test case is about to complete 
2022-12-14 22:10:48,741 INFO  [Log] ################################## 
2022-12-14 22:10:48,741 INFO  [Log] ########################################## 
2022-12-14 22:10:48,741 INFO  [Log] ############   This is my login test again ################ 
2022-12-14 22:10:48,741 INFO  [Log] ########################## 
2022-12-14 22:10:48,742 INFO  [Log] ########################################## 
2022-12-14 22:10:52,719 INFO  [Log] ** 
2022-12-14 22:10:52,720 INFO  [Log] ** 
2022-12-14 22:10:52,720 INFO  [Log] ############   My first test case is Login test ################ 
2022-12-14 22:10:52,720 INFO  [Log] ** 
2022-12-14 22:10:52,720 INFO  [Log] ** 
2022-12-14 22:10:52,721 INFO  [Log] My login test is going on 
2022-12-14 22:10:52,721 INFO  [Log] My test case might be failed 
2022-12-14 22:10:54,834 INFO  [Log] My test case is about to complete 
2022-12-14 22:10:54,834 INFO  [Log] ################################## 
2022-12-14 22:10:54,834 INFO  [Log] ########################################## 
2022-12-14 22:10:54,834 INFO  [Log] ############   This is my login test again ################ 
2022-12-14 22:10:54,834 INFO  [Log] ########################## 
2022-12-14 22:10:54,834 INFO  [Log] ########################################## 
2022-12-14 22:15:03,645 INFO  [Log] ** 
2022-12-14 22:15:03,646 INFO  [Log] ** 
2022-12-14 22:15:03,646 INFO  [Log] ############   My first test case is Login test ################ 
2022-12-14 22:15:03,646 INFO  [Log] ** 
2022-12-14 22:15:03,646 INFO  [Log] ** 
2022-12-14 22:15:03,646 INFO  [Log] My login test is going on 
2022-12-14 22:15:03,646 INFO  [Log] My test case might be failed 
2022-12-14 22:15:07,882 INFO  [Log] My test case is about to complete 
2022-12-14 22:15:07,882 INFO  [Log] ################################## 
2022-12-14 22:15:07,882 INFO  [Log] ########################################## 
2022-12-14 22:15:07,883 INFO  [Log] ############   This is my login test again ################ 
2022-12-14 22:15:07,883 INFO  [Log] ########################## 
2022-12-14 22:15:07,883 INFO  [Log] ########################################## 
2022-12-14 22:15:14,004 INFO  [Log] ** 
2022-12-14 22:15:14,005 INFO  [Log] ** 
2022-12-14 22:15:14,006 INFO  [Log] ############   My first test case is Login test ################ 
2022-12-14 22:15:14,006 INFO  [Log] ** 
2022-12-14 22:15:14,007 INFO  [Log] ** 
2022-12-14 22:15:14,007 INFO  [Log] My login test is going on 
2022-12-14 22:15:14,008 INFO  [Log] My test case might be failed 
2022-12-14 22:15:17,056 INFO  [Log] My test case is about to complete 
2022-12-14 22:15:17,057 INFO  [Log] ################################## 
2022-12-14 22:15:17,057 INFO  [Log] ########################################## 
2022-12-14 22:15:17,057 INFO  [Log] ############   This is my login test again ################ 
2022-12-14 22:15:17,057 INFO  [Log] ########################## 
2022-12-14 22:15:17,057 INFO  [Log] ########################################## 
2022-12-14 22:16:40,829 INFO  [Log] ** 
2022-12-14 22:16:40,829 INFO  [Log] ** 
2022-12-14 22:16:40,829 INFO  [Log] ############   My first test case is Login test ################ 
2022-12-14 22:16:40,830 INFO  [Log] ** 
2022-12-14 22:16:40,830 INFO  [Log] ** 
2022-12-14 22:16:40,830 INFO  [Log] My login test is going on 
2022-12-14 22:16:40,830 INFO  [Log] My test case might be failed 
2022-12-14 22:16:44,982 INFO  [Log] My test case is about to complete 
2022-12-14 22:16:44,985 INFO  [Log] ################################## 
2022-12-14 22:16:44,986 INFO  [Log] ########################################## 
2022-12-14 22:16:44,986 INFO  [Log] ############   This is my login test again ################ 
2022-12-14 22:16:44,986 INFO  [Log] ########################## 
2022-12-14 22:16:44,987 INFO  [Log] ########################################## 
2022-12-14 22:16:49,426 INFO  [Log] ** 
2022-12-14 22:16:49,427 INFO  [Log] ** 
2022-12-14 22:16:49,427 INFO  [Log] ############   My first test case is Login test ################ 
2022-12-14 22:16:49,427 INFO  [Log] ** 
2022-12-14 22:16:49,427 INFO  [Log] ** 
2022-12-14 22:16:49,427 INFO  [Log] My login test is going on 
2022-12-14 22:16:49,427 INFO  [Log] My test case might be failed 
2022-12-14 22:16:52,439 INFO  [Log] My test case is about to complete 
2022-12-14 22:16:52,439 INFO  [Log] ################################## 
2022-12-14 22:16:52,439 INFO  [Log] ########################################## 
2022-12-14 22:16:52,439 INFO  [Log] ############   This is my login test again ################ 
2022-12-14 22:16:52,439 INFO  [Log] ########################## 
2022-12-14 22:16:52,439 INFO  [Log] ########################################## 
